DEBUG:__main__:ROS_DOMAIN_ID=30
DEBUG:__main__:ROS_LOCALHOST_ONLY=1
DEBUG:__main__:AW_PARAM_CONTROLLER_NODE_CTRL_PERIOD=0.015151515151515152
DEBUG:__main__:AW_PARAM_AD_SERVICE_STATE_MONITOR_NODE_UPDATE_RATE=66.0
DEBUG:__main__:AW_PARAM_BEHAVIOR_PATH_PLANNER_NODE_PLANNING_HZ=66.0
DEBUG:__main__:AW_PARAM_EMERGENCY_HANDLER_CORE_UPDATE_RATE=66.0
DEBUG:__main__:AW_PARAM_FREESPACE_PLANNER_NODE_UPDATE_RATE=66.0
DEBUG:__main__:AW_PARAM_COSTMAP_GENERATOR_NODE_UPDATE_RATE=66.0
DEBUG:__main__:AW_PARAM_EXTERNAL_CMD_SELECTOR_NODE_UPDATE_RATE=66.0
DEBUG:__main__:AW_PARAM_LANE_DEPARTURE_CHECKER_NODE_UPDATE_RATE=66.0
DEBUG:__main__:AW_PARAM_NODE_TIMER_RATE=66.0
DEBUG:__main__:AW_PARAM_SCENARIO_SELECTOR_NODE_UPDATE_RATE=66.0
DEBUG:__main__:AW_PARAM_VEHICLE_CMD_GATE_UPDATE_RATE=66.0
DEBUG:__main__:AW_PARAM_MULTI_OBJECT_TRACKER_CORE_PUBLISH_RATE=66.0
DEBUG:__main__:AW_PARAM_EKF_LOCALIZER_TF_RATE=66.0
DEBUG:__main__:AW_PARAM_EKF_LOCALIZER_PREDICT_FREQUENCY=66.0
DEBUG:__main__:AW_PARAM_ACCEL_BRAKE_MAP_CALIBRATOR_NODE_UPDATE_HZ=66.0
DEBUG:__main__:AW_PARAM_GOAL_DISTANCE_CALCULATOR_NODE_UPDATE_RATE=66.0
DEBUG:__main__:AW_PARAM_JOY_CONTROLLER_NODE_UPDATE_RATE=66.0
DEBUG:__main__:AW_PARAM_OBSTACLE_COLLISION_CHECKER_NODE_UPDATE_RATE=66.0
DEBUG:__main__:AW_PARAM_PURE_PURSUIT_NODE_CONTROL_PERIOD=0.02
DEBUG:__main__:AW_PARAM_RADAR_OBJECT_FUSION_TO_DETECTED_OBJECT_NODE_NODE_PARAMS_UPDATE_RATE_HZ=66.0
DEBUG:__main__:AW_PARAM_RADAR_TRACKS_MSGS_CONVERTER_NODE_UPDATE_RATE_HZ=20.0
DEBUG:__main__:AW_PARAM_STEER_OFFSET_ESTIMATOR_NODE_STEER_UPDATE_HZ=66.0
DEBUG:__main__:AW_PARAM_TOPIC_STATE_MONITOR_CORE_UPDATE_RATE=66.0
DEBUG:__main__:AW_PARAM_NDT_SCAN_MATCHER_THREADS=4
INFO:aw_scenario:SETUP
INFO:startup:starting...
DEBUG:__main__:export ROS_DOMAIN_ID=30; export ROS_LOCALHOST_ONLY=1; export AW_PARAM_CONTROLLER_NODE_CTRL_PERIOD=0.015151515151515152; export AW_PARAM_AD_SERVICE_STATE_MONITOR_NODE_UPDATE_RATE=66.0; export AW_PARAM_BEHAVIOR_PATH_PLANNER_NODE_PLANNING_HZ=66.0; export AW_PARAM_EMERGENCY_HANDLER_CORE_UPDATE_RATE=66.0; export AW_PARAM_FREESPACE_PLANNER_NODE_UPDATE_RATE=66.0; export AW_PARAM_COSTMAP_GENERATOR_NODE_UPDATE_RATE=66.0; export AW_PARAM_EXTERNAL_CMD_SELECTOR_NODE_UPDATE_RATE=66.0; export AW_PARAM_LANE_DEPARTURE_CHECKER_NODE_UPDATE_RATE=66.0; export AW_PARAM_NODE_TIMER_RATE=66.0; export AW_PARAM_SCENARIO_SELECTOR_NODE_UPDATE_RATE=66.0; export AW_PARAM_VEHICLE_CMD_GATE_UPDATE_RATE=66.0; export AW_PARAM_MULTI_OBJECT_TRACKER_CORE_PUBLISH_RATE=66.0; export AW_PARAM_EKF_LOCALIZER_TF_RATE=66.0; export AW_PARAM_EKF_LOCALIZER_PREDICT_FREQUENCY=66.0; export AW_PARAM_ACCEL_BRAKE_MAP_CALIBRATOR_NODE_UPDATE_HZ=66.0; export AW_PARAM_GOAL_DISTANCE_CALCULATOR_NODE_UPDATE_RATE=66.0; export AW_PARAM_JOY_CONTROLLER_NODE_UPDATE_RATE=66.0; export AW_PARAM_OBSTACLE_COLLISION_CHECKER_NODE_UPDATE_RATE=66.0; export AW_PARAM_PURE_PURSUIT_NODE_CONTROL_PERIOD=0.02; export AW_PARAM_RADAR_OBJECT_FUSION_TO_DETECTED_OBJECT_NODE_NODE_PARAMS_UPDATE_RATE_HZ=66.0; export AW_PARAM_RADAR_TRACKS_MSGS_CONVERTER_NODE_UPDATE_RATE_HZ=20.0; export AW_PARAM_STEER_OFFSET_ESTIMATOR_NODE_STEER_UPDATE_HZ=66.0; export AW_PARAM_TOPIC_STATE_MONITOR_CORE_UPDATE_RATE=66.0; export AW_PARAM_NDT_SCAN_MATCHER_THREADS=4; pstree -p -s -T -c -a $$; pkill -f ros --signal SIGINT; timeout 5 tail --pid=$(pgrep -d ' --pid=' -f ros) -f /dev/null || pkill -f ros; pgrep -f 'autoware|http\.server|^python3 \./scenario_runner.py' | grep -v -x -F -e $$ -e $PPID | xargs kill; echo userspace | sudo tee /sys/devices/system/cpu/cpufreq/policy*/scaling_governor; echo 1500000 | sudo tee /sys/devices/system/cpu/cpufreq/policy*/scaling_setspeed
DEBUG:startup:shell started
INFO:startup:ready
INFO:startup:[OUT] systemd,1
INFO:startup:[OUT]   `-sshd,2103
INFO:startup:[OUT]       `-sshd,1568974
INFO:startup:[OUT]           `-sshd,1569056
INFO:startup:[OUT]               `-bash,1570695 -c...
INFO:startup:[OUT]                   `-python3,1570698 ./scenario_runner.py --config config/aw_scenario.yml ROS_DOMAIN_ID:=30 ...
INFO:startup:[OUT]                       `-bash,1570700
INFO:startup:[OUT]                           `-pstree,1570701 -p -s -T -c -a 1570700
INFO:startup:[OUT] tail: invalid PID: ‘’
INFO:startup:[OUT] userspace
INFO:startup:[OUT] 1500000
INFO:startup:stopped
INFO:aw_scenario:STARTUP
INFO:tracing:starting...
DEBUG:__main__:export ROS_DOMAIN_ID=30; export ROS_LOCALHOST_ONLY=1; export AW_PARAM_CONTROLLER_NODE_CTRL_PERIOD=0.015151515151515152; export AW_PARAM_AD_SERVICE_STATE_MONITOR_NODE_UPDATE_RATE=66.0; export AW_PARAM_BEHAVIOR_PATH_PLANNER_NODE_PLANNING_HZ=66.0; export AW_PARAM_EMERGENCY_HANDLER_CORE_UPDATE_RATE=66.0; export AW_PARAM_FREESPACE_PLANNER_NODE_UPDATE_RATE=66.0; export AW_PARAM_COSTMAP_GENERATOR_NODE_UPDATE_RATE=66.0; export AW_PARAM_EXTERNAL_CMD_SELECTOR_NODE_UPDATE_RATE=66.0; export AW_PARAM_LANE_DEPARTURE_CHECKER_NODE_UPDATE_RATE=66.0; export AW_PARAM_NODE_TIMER_RATE=66.0; export AW_PARAM_SCENARIO_SELECTOR_NODE_UPDATE_RATE=66.0; export AW_PARAM_VEHICLE_CMD_GATE_UPDATE_RATE=66.0; export AW_PARAM_MULTI_OBJECT_TRACKER_CORE_PUBLISH_RATE=66.0; export AW_PARAM_EKF_LOCALIZER_TF_RATE=66.0; export AW_PARAM_EKF_LOCALIZER_PREDICT_FREQUENCY=66.0; export AW_PARAM_ACCEL_BRAKE_MAP_CALIBRATOR_NODE_UPDATE_HZ=66.0; export AW_PARAM_GOAL_DISTANCE_CALCULATOR_NODE_UPDATE_RATE=66.0; export AW_PARAM_JOY_CONTROLLER_NODE_UPDATE_RATE=66.0; export AW_PARAM_OBSTACLE_COLLISION_CHECKER_NODE_UPDATE_RATE=66.0; export AW_PARAM_PURE_PURSUIT_NODE_CONTROL_PERIOD=0.02; export AW_PARAM_RADAR_OBJECT_FUSION_TO_DETECTED_OBJECT_NODE_NODE_PARAMS_UPDATE_RATE_HZ=66.0; export AW_PARAM_RADAR_TRACKS_MSGS_CONVERTER_NODE_UPDATE_RATE_HZ=20.0; export AW_PARAM_STEER_OFFSET_ESTIMATOR_NODE_STEER_UPDATE_HZ=66.0; export AW_PARAM_TOPIC_STATE_MONITOR_CORE_UPDATE_RATE=66.0; export AW_PARAM_NDT_SCAN_MATCHER_THREADS=4; cd ~/edgar/autoware; source install/setup.bash; rm -rf ~/.ros/tracing/scenario-trace; ros2 trace -s scenario-trace -k
DEBUG:tracing:shell started
